<?xml version="1.0" encoding="utf-8"?><testsuites name="pytest tests"><testsuite name="pytest" errors="0" failures="2" skipped="1" tests="4" time="0.040" timestamp="2026-08-10T12:32:16.627755+01:00" hostname="MacBookPro"><testcase classname="test_exercise" name="test_transpose_rectangular" time="0.000"><failure message="NotImplementedError">def test_transpose_rectangular():
&gt;       assert transpose([[1, 2, 3], [4, 5, 6]]) == [[1, 4], [2, 5], [3, 6]]

test_exercise.py:10:
    def transpose(M):
&gt;       raise NotImplementedError
E       NotImplementedError

exercise.py:25: NotImplementedError</failure></testcase><testcase classname="test_exercise" name="test_transpose_twice_returns_original" time="0.000"><failure message="assert failed">def test_transpose_twice_returns_original():
&gt;       assert transpose(transpose(M)) == M
E       assert [[1, 4], [2, 5]] == [[1, 2], [4, 5]]</failure></testcase><testcase classname="test_exercise" name="test_transpose_returns_lists_not_tuples" time="0.001"/><testcase classname="test_exercise" name="test_transpose_empty" time="0.000"><skipped type="pytest.skip" message="не в этом уроке"/></testcase></testsuite></testsuites>